ARM GAS  C:\Users\BANELE~1\AppData\Local\Temp\cclmOWEj.s 			page 1


   1              		.cpu cortex-m0
   2              		.arch armv6s-m
   3              		.fpu softvfp
   4              		.eabi_attribute 20, 1
   5              		.eabi_attribute 21, 1
   6              		.eabi_attribute 23, 3
   7              		.eabi_attribute 24, 1
   8              		.eabi_attribute 25, 1
   9              		.eabi_attribute 26, 1
  10              		.eabi_attribute 30, 1
  11              		.eabi_attribute 34, 0
  12              		.eabi_attribute 18, 4
  13              		.file	"main.c"
  14              		.text
  15              	.Ltext0:
  16              		.cfi_sections	.debug_frame
  17              		.file 1 "Core/Src/main.c"
  18              		.section	.text.MX_GPIO_Init,"ax",%progbits
  19              		.align	1
  20              		.syntax unified
  21              		.code	16
  22              		.thumb_func
  24              	MX_GPIO_Init:
  25              	.LFB42:
   1:Core/Src/main.c **** /* USER CODE BEGIN Header */
   2:Core/Src/main.c **** /**
   3:Core/Src/main.c ****   ******************************************************************************
   4:Core/Src/main.c ****   * @file           : main.c
   5:Core/Src/main.c ****   * @brief          : Main program body
   6:Core/Src/main.c ****   ******************************************************************************
   7:Core/Src/main.c ****   * @attention
   8:Core/Src/main.c ****   *
   9:Core/Src/main.c ****   * Copyright (c) 2025 STMicroelectronics.
  10:Core/Src/main.c ****   * All rights reserved.
  11:Core/Src/main.c ****   *
  12:Core/Src/main.c ****   * This software is licensed under terms that can be found in the LICENSE file
  13:Core/Src/main.c ****   * in the root directory of this software component.
  14:Core/Src/main.c ****   * If no LICENSE file comes with this software, it is provided AS-IS.
  15:Core/Src/main.c ****   *
  16:Core/Src/main.c ****   ******************************************************************************
  17:Core/Src/main.c ****   */
  18:Core/Src/main.c **** /* USER CODE END Header */
  19:Core/Src/main.c **** /* Includes ------------------------------------------------------------------*/
  20:Core/Src/main.c **** #include "main.h"
  21:Core/Src/main.c **** 
  22:Core/Src/main.c **** /* Private includes ----------------------------------------------------------*/
  23:Core/Src/main.c **** /* USER CODE BEGIN Includes */
  24:Core/Src/main.c **** 
  25:Core/Src/main.c **** /* USER CODE END Includes */
  26:Core/Src/main.c **** 
  27:Core/Src/main.c **** /* Private typedef -----------------------------------------------------------*/
  28:Core/Src/main.c **** /* USER CODE BEGIN PTD */
  29:Core/Src/main.c **** typedef struct {
  30:Core/Src/main.c ****     uint16_t width;
  31:Core/Src/main.c ****     uint16_t height;
  32:Core/Src/main.c ****     uint32_t exec_time_ms;
  33:Core/Src/main.c ****     uint16_t max_iter;
ARM GAS  C:\Users\BANELE~1\AppData\Local\Temp\cclmOWEj.s 			page 2


  34:Core/Src/main.c ****     uint64_t checksum;
  35:Core/Src/main.c **** } Task2Result;
  36:Core/Src/main.c **** /* USER CODE END PTD */
  37:Core/Src/main.c **** 
  38:Core/Src/main.c **** /* Private define ------------------------------------------------------------*/
  39:Core/Src/main.c **** /* USER CODE BEGIN PD */
  40:Core/Src/main.c **** #define MAX_ITER   100
  41:Core/Src/main.c **** #define SCALE      1000000
  42:Core/Src/main.c **** /* USER CODE END PD */
  43:Core/Src/main.c **** 
  44:Core/Src/main.c **** /* Private macro -------------------------------------------------------------*/
  45:Core/Src/main.c **** /* USER CODE BEGIN PM */
  46:Core/Src/main.c **** 
  47:Core/Src/main.c **** /* USER CODE END PM */
  48:Core/Src/main.c **** 
  49:Core/Src/main.c **** /* Private variables ---------------------------------------------------------*/
  50:Core/Src/main.c **** 
  51:Core/Src/main.c **** /* USER CODE BEGIN PV */
  52:Core/Src/main.c **** //TODO: Define variables you think you might need
  53:Core/Src/main.c **** // - Performance timing variables (e.g execution time, throughput, pixels per second, clock cycles)
  54:Core/Src/main.c **** static const uint16_t max_iter_values[] = {100, 250, 500, 750, 1000};
  55:Core/Src/main.c **** static const uint8_t num_max_iter_tests = 5;
  56:Core/Src/main.c **** 
  57:Core/Src/main.c **** static const uint16_t test_sizes[][2] = {
  58:Core/Src/main.c ****     {128, 128}, {160, 160}, {192, 192}, {224, 224}, {256, 256}
  59:Core/Src/main.c **** };
  60:Core/Src/main.c **** 
  61:Core/Src/main.c **** volatile Task2Result task2_results[5][5];
  62:Core/Src/main.c **** volatile uint32_t start_time = 0, end_time = 0;
  63:Core/Src/main.c **** volatile uint16_t current_width  = 0;
  64:Core/Src/main.c **** volatile uint16_t current_height = 0;
  65:Core/Src/main.c **** volatile uint16_t current_max_iter = 0;
  66:Core/Src/main.c **** volatile uint32_t progress = 0;
  67:Core/Src/main.c **** volatile uint8_t task2_done = 0;
  68:Core/Src/main.c **** 
  69:Core/Src/main.c **** /* USER CODE END PV */
  70:Core/Src/main.c **** 
  71:Core/Src/main.c **** /* Private function prototypes -----------------------------------------------*/
  72:Core/Src/main.c **** void SystemClock_Config(void);
  73:Core/Src/main.c **** static void MX_GPIO_Init(void);
  74:Core/Src/main.c **** /* USER CODE BEGIN PFP */
  75:Core/Src/main.c **** //TODO: Define any function prototypes you might need such as the calculate Mandelbrot function amo
  76:Core/Src/main.c **** uint64_t calculate_mandelbrot_fixed_point_arithmetic(int width, int height, int max_iterations);
  77:Core/Src/main.c **** /* USER CODE END PFP */
  78:Core/Src/main.c **** 
  79:Core/Src/main.c **** /* Private user code ---------------------------------------------------------*/
  80:Core/Src/main.c **** /* USER CODE BEGIN 0 */
  81:Core/Src/main.c **** 
  82:Core/Src/main.c **** /* USER CODE END 0 */
  83:Core/Src/main.c **** 
  84:Core/Src/main.c **** /**
  85:Core/Src/main.c ****   * @brief  The application entry point.
  86:Core/Src/main.c ****   * @retval int
  87:Core/Src/main.c ****   */
  88:Core/Src/main.c **** int main(void)
  89:Core/Src/main.c **** {
  90:Core/Src/main.c **** 
ARM GAS  C:\Users\BANELE~1\AppData\Local\Temp\cclmOWEj.s 			page 3


  91:Core/Src/main.c ****   /* USER CODE BEGIN 1 */
  92:Core/Src/main.c **** 
  93:Core/Src/main.c ****   /* USER CODE END 1 */
  94:Core/Src/main.c **** 
  95:Core/Src/main.c ****   /* MCU Configuration--------------------------------------------------------*/
  96:Core/Src/main.c **** 
  97:Core/Src/main.c ****   /* Reset of all peripherals, Initializes the Flash interface and the Systick. */
  98:Core/Src/main.c ****   HAL_Init();
  99:Core/Src/main.c **** 
 100:Core/Src/main.c ****   /* USER CODE BEGIN Init */
 101:Core/Src/main.c **** 
 102:Core/Src/main.c ****   /* USER CODE END Init */
 103:Core/Src/main.c **** 
 104:Core/Src/main.c ****   /* Configure the system clock */
 105:Core/Src/main.c ****   SystemClock_Config();
 106:Core/Src/main.c **** 
 107:Core/Src/main.c ****   /* USER CODE BEGIN SysInit */
 108:Core/Src/main.c **** 
 109:Core/Src/main.c ****   /* USER CODE END SysInit */
 110:Core/Src/main.c **** 
 111:Core/Src/main.c ****   /* Initialize all configured peripherals */
 112:Core/Src/main.c ****   MX_GPIO_Init();
 113:Core/Src/main.c ****   /* USER CODE BEGIN 2 */
 114:Core/Src/main.c **** 
 115:Core/Src/main.c ****   /* USER CODE END 2 */
 116:Core/Src/main.c **** 
 117:Core/Src/main.c ****   /* Infinite loop */
 118:Core/Src/main.c ****   /* USER CODE BEGIN WHILE */
 119:Core/Src/main.c ****   while (1)
 120:Core/Src/main.c ****   {
 121:Core/Src/main.c ****     /* USER CODE END WHILE */
 122:Core/Src/main.c **** 
 123:Core/Src/main.c ****     /* USER CODE BEGIN 3 */
 124:Core/Src/main.c ****     
 125:Core/Src/main.c **** 	  //TODO: Visual indicator: Turn on LED0 to signal processing start
 126:Core/Src/main.c **** 	  //TODO: Benchmark and Profile Performance
 127:Core/Src/main.c ****     if(!task2_done){
 128:Core/Src/main.c ****       // Task 2: Test different MAX_ITER values
 129:Core/Src/main.c ****     HAL_GPIO_WritePin(GPIOB, GPIO_PIN_2, GPIO_PIN_SET); // LED2 for Task 2
 130:Core/Src/main.c ****     
 131:Core/Src/main.c ****     for (int iter_idx = 0; iter_idx < num_max_iter_tests; iter_idx++) {
 132:Core/Src/main.c ****         current_max_iter = max_iter_values[iter_idx];
 133:Core/Src/main.c ****         
 134:Core/Src/main.c ****         for (int size_idx = 0; size_idx < 5; size_idx++) {
 135:Core/Src/main.c ****             current_width = test_sizes[size_idx][0];
 136:Core/Src/main.c ****             current_height = test_sizes[size_idx][1];
 137:Core/Src/main.c ****             
 138:Core/Src/main.c ****             // Fixed-point implementation
 139:Core/Src/main.c ****             start_time = HAL_GetTick();
 140:Core/Src/main.c ****             uint64_t checksum = calculate_mandelbrot_fixed_point_arithmetic(
 141:Core/Src/main.c ****                 current_width, current_height, current_max_iter);
 142:Core/Src/main.c ****             end_time = HAL_GetTick();
 143:Core/Src/main.c ****             
 144:Core/Src/main.c ****             task2_results[iter_idx][size_idx].width = current_width;
 145:Core/Src/main.c ****             task2_results[iter_idx][size_idx].height = current_height;
 146:Core/Src/main.c ****             task2_results[iter_idx][size_idx].max_iter = current_max_iter;
 147:Core/Src/main.c ****             task2_results[iter_idx][size_idx].exec_time_ms = end_time - start_time;
ARM GAS  C:\Users\BANELE~1\AppData\Local\Temp\cclmOWEj.s 			page 4


 148:Core/Src/main.c ****             task2_results[iter_idx][size_idx].checksum = checksum;
 149:Core/Src/main.c ****             
 150:Core/Src/main.c ****             progress++;
 151:Core/Src/main.c ****         }
 152:Core/Src/main.c ****     }
 153:Core/Src/main.c ****     HAL_GPIO_WritePin(GPIOB, GPIO_PIN_3, GPIO_PIN_SET); // LED3 for completion
 154:Core/Src/main.c ****     HAL_Delay(2000);
 155:Core/Src/main.c ****     HAL_GPIO_WritePin(GPIOB, GPIO_PIN_2, GPIO_PIN_RESET);
 156:Core/Src/main.c ****     HAL_GPIO_WritePin(GPIOB, GPIO_PIN_3, GPIO_PIN_RESET);
 157:Core/Src/main.c ****     
 158:Core/Src/main.c ****     task2_done = 1;
 159:Core/Src/main.c ****     }
 160:Core/Src/main.c **** 	  //TODO: Visual indicator: Turn on LED1 to signal processing start
 161:Core/Src/main.c **** 
 162:Core/Src/main.c **** 
 163:Core/Src/main.c **** 	  //TODO: Keep the LEDs ON for 2s
 164:Core/Src/main.c **** 
 165:Core/Src/main.c **** 	  // TODO: Turn OFF LEDs
 166:Core/Src/main.c **** 
 167:Core/Src/main.c **** 
 168:Core/Src/main.c **** 
 169:Core/Src/main.c ****   }
 170:Core/Src/main.c ****   /* USER CODE END 3 */
 171:Core/Src/main.c **** }
 172:Core/Src/main.c **** 
 173:Core/Src/main.c **** /**
 174:Core/Src/main.c ****   * @brief System Clock Configuration
 175:Core/Src/main.c ****   * @retval None
 176:Core/Src/main.c ****   */
 177:Core/Src/main.c **** void SystemClock_Config(void)
 178:Core/Src/main.c **** {
 179:Core/Src/main.c ****   RCC_OscInitTypeDef RCC_OscInitStruct = {0};
 180:Core/Src/main.c ****   RCC_ClkInitTypeDef RCC_ClkInitStruct = {0};
 181:Core/Src/main.c **** 
 182:Core/Src/main.c ****   /** Initializes the RCC Oscillators according to the specified parameters
 183:Core/Src/main.c ****   * in the RCC_OscInitTypeDef structure.
 184:Core/Src/main.c ****   */
 185:Core/Src/main.c ****   RCC_OscInitStruct.OscillatorType = RCC_OSCILLATORTYPE_HSI;
 186:Core/Src/main.c ****   RCC_OscInitStruct.HSIState = RCC_HSI_ON;
 187:Core/Src/main.c ****   RCC_OscInitStruct.HSICalibrationValue = RCC_HSICALIBRATION_DEFAULT;
 188:Core/Src/main.c ****   RCC_OscInitStruct.PLL.PLLState = RCC_PLL_ON;
 189:Core/Src/main.c ****   RCC_OscInitStruct.PLL.PLLSource = RCC_PLLSOURCE_HSI;
 190:Core/Src/main.c ****   RCC_OscInitStruct.PLL.PLLMUL = RCC_PLL_MUL12;
 191:Core/Src/main.c ****   RCC_OscInitStruct.PLL.PREDIV = RCC_PREDIV_DIV1;
 192:Core/Src/main.c ****   if (HAL_RCC_OscConfig(&RCC_OscInitStruct) != HAL_OK)
 193:Core/Src/main.c ****   {
 194:Core/Src/main.c ****     Error_Handler();
 195:Core/Src/main.c ****   }
 196:Core/Src/main.c **** 
 197:Core/Src/main.c ****   /** Initializes the CPU, AHB and APB buses clocks
 198:Core/Src/main.c ****   */
 199:Core/Src/main.c ****   RCC_ClkInitStruct.ClockType = RCC_CLOCKTYPE_HCLK|RCC_CLOCKTYPE_SYSCLK
 200:Core/Src/main.c ****                               |RCC_CLOCKTYPE_PCLK1;
 201:Core/Src/main.c ****   RCC_ClkInitStruct.SYSCLKSource = RCC_SYSCLKSOURCE_PLLCLK;
 202:Core/Src/main.c ****   RCC_ClkInitStruct.AHBCLKDivider = RCC_SYSCLK_DIV1;
 203:Core/Src/main.c ****   RCC_ClkInitStruct.APB1CLKDivider = RCC_HCLK_DIV1;
 204:Core/Src/main.c **** 
ARM GAS  C:\Users\BANELE~1\AppData\Local\Temp\cclmOWEj.s 			page 5


 205:Core/Src/main.c ****   if (HAL_RCC_ClockConfig(&RCC_ClkInitStruct, FLASH_LATENCY_1) != HAL_OK)
 206:Core/Src/main.c ****   {
 207:Core/Src/main.c ****     Error_Handler();
 208:Core/Src/main.c ****   }
 209:Core/Src/main.c **** }
 210:Core/Src/main.c **** 
 211:Core/Src/main.c **** /**
 212:Core/Src/main.c ****   * @brief GPIO Initialization Function
 213:Core/Src/main.c ****   * @param None
 214:Core/Src/main.c ****   * @retval None
 215:Core/Src/main.c ****   */
 216:Core/Src/main.c **** static void MX_GPIO_Init(void)
 217:Core/Src/main.c **** {
  26              		.loc 1 217 1 view -0
  27              		.cfi_startproc
  28              		@ args = 0, pretend = 0, frame = 32
  29              		@ frame_needed = 0, uses_anonymous_args = 0
  30 0000 10B5     		push	{r4, lr}
  31              	.LCFI0:
  32              		.cfi_def_cfa_offset 8
  33              		.cfi_offset 4, -8
  34              		.cfi_offset 14, -4
  35 0002 88B0     		sub	sp, sp, #32
  36              	.LCFI1:
  37              		.cfi_def_cfa_offset 40
 218:Core/Src/main.c ****   GPIO_InitTypeDef GPIO_InitStruct = {0};
  38              		.loc 1 218 3 view .LVU1
  39              		.loc 1 218 20 is_stmt 0 view .LVU2
  40 0004 1422     		movs	r2, #20
  41 0006 0021     		movs	r1, #0
  42 0008 03A8     		add	r0, sp, #12
  43 000a FFF7FEFF 		bl	memset
  44              	.LVL0:
 219:Core/Src/main.c ****   /* USER CODE BEGIN MX_GPIO_Init_1 */
 220:Core/Src/main.c **** 
 221:Core/Src/main.c ****   /* USER CODE END MX_GPIO_Init_1 */
 222:Core/Src/main.c **** 
 223:Core/Src/main.c ****   /* GPIO Ports Clock Enable */
 224:Core/Src/main.c ****   __HAL_RCC_GPIOF_CLK_ENABLE();
  45              		.loc 1 224 3 is_stmt 1 view .LVU3
  46              	.LBB4:
  47              		.loc 1 224 3 view .LVU4
  48              		.loc 1 224 3 view .LVU5
  49 000e 174B     		ldr	r3, .L2
  50 0010 5A69     		ldr	r2, [r3, #20]
  51 0012 8021     		movs	r1, #128
  52 0014 C903     		lsls	r1, r1, #15
  53 0016 0A43     		orrs	r2, r1
  54 0018 5A61     		str	r2, [r3, #20]
  55              		.loc 1 224 3 view .LVU6
  56 001a 5A69     		ldr	r2, [r3, #20]
  57 001c 0A40     		ands	r2, r1
  58 001e 0092     		str	r2, [sp]
  59              		.loc 1 224 3 view .LVU7
  60 0020 009A     		ldr	r2, [sp]
  61              	.LBE4:
  62              		.loc 1 224 3 view .LVU8
ARM GAS  C:\Users\BANELE~1\AppData\Local\Temp\cclmOWEj.s 			page 6


 225:Core/Src/main.c ****   __HAL_RCC_GPIOB_CLK_ENABLE();
  63              		.loc 1 225 3 view .LVU9
  64              	.LBB5:
  65              		.loc 1 225 3 view .LVU10
  66              		.loc 1 225 3 view .LVU11
  67 0022 5A69     		ldr	r2, [r3, #20]
  68 0024 8021     		movs	r1, #128
  69 0026 C902     		lsls	r1, r1, #11
  70 0028 0A43     		orrs	r2, r1
  71 002a 5A61     		str	r2, [r3, #20]
  72              		.loc 1 225 3 view .LVU12
  73 002c 5A69     		ldr	r2, [r3, #20]
  74 002e 0A40     		ands	r2, r1
  75 0030 0192     		str	r2, [sp, #4]
  76              		.loc 1 225 3 view .LVU13
  77 0032 019A     		ldr	r2, [sp, #4]
  78              	.LBE5:
  79              		.loc 1 225 3 view .LVU14
 226:Core/Src/main.c ****   __HAL_RCC_GPIOA_CLK_ENABLE();
  80              		.loc 1 226 3 view .LVU15
  81              	.LBB6:
  82              		.loc 1 226 3 view .LVU16
  83              		.loc 1 226 3 view .LVU17
  84 0034 5A69     		ldr	r2, [r3, #20]
  85 0036 8021     		movs	r1, #128
  86 0038 8902     		lsls	r1, r1, #10
  87 003a 0A43     		orrs	r2, r1
  88 003c 5A61     		str	r2, [r3, #20]
  89              		.loc 1 226 3 view .LVU18
  90 003e 5B69     		ldr	r3, [r3, #20]
  91 0040 0B40     		ands	r3, r1
  92 0042 0293     		str	r3, [sp, #8]
  93              		.loc 1 226 3 view .LVU19
  94 0044 029B     		ldr	r3, [sp, #8]
  95              	.LBE6:
  96              		.loc 1 226 3 view .LVU20
 227:Core/Src/main.c **** 
 228:Core/Src/main.c ****   /*Configure GPIO pin Output Level */
 229:Core/Src/main.c ****   HAL_GPIO_WritePin(GPIOB, GPIO_PIN_0|GPIO_PIN_1|GPIO_PIN_2|GPIO_PIN_3
  97              		.loc 1 229 3 view .LVU21
  98 0046 0A4C     		ldr	r4, .L2+4
  99 0048 0022     		movs	r2, #0
 100 004a FF21     		movs	r1, #255
 101 004c 2000     		movs	r0, r4
 102 004e FFF7FEFF 		bl	HAL_GPIO_WritePin
 103              	.LVL1:
 230:Core/Src/main.c ****                           |GPIO_PIN_4|GPIO_PIN_5|GPIO_PIN_6|GPIO_PIN_7, GPIO_PIN_RESET);
 231:Core/Src/main.c **** 
 232:Core/Src/main.c ****   /*Configure GPIO pins : PB0 PB1 PB2 PB3
 233:Core/Src/main.c ****                            PB4 PB5 PB6 PB7 */
 234:Core/Src/main.c ****   GPIO_InitStruct.Pin = GPIO_PIN_0|GPIO_PIN_1|GPIO_PIN_2|GPIO_PIN_3
 104              		.loc 1 234 3 view .LVU22
 105              		.loc 1 234 23 is_stmt 0 view .LVU23
 106 0052 FF23     		movs	r3, #255
 107 0054 0393     		str	r3, [sp, #12]
 235:Core/Src/main.c ****                           |GPIO_PIN_4|GPIO_PIN_5|GPIO_PIN_6|GPIO_PIN_7;
 236:Core/Src/main.c ****   GPIO_InitStruct.Mode = GPIO_MODE_OUTPUT_PP;
ARM GAS  C:\Users\BANELE~1\AppData\Local\Temp\cclmOWEj.s 			page 7


 108              		.loc 1 236 3 is_stmt 1 view .LVU24
 109              		.loc 1 236 24 is_stmt 0 view .LVU25
 110 0056 FE3B     		subs	r3, r3, #254
 111 0058 0493     		str	r3, [sp, #16]
 237:Core/Src/main.c ****   GPIO_InitStruct.Pull = GPIO_NOPULL;
 112              		.loc 1 237 3 is_stmt 1 view .LVU26
 113              		.loc 1 237 24 is_stmt 0 view .LVU27
 114 005a 0023     		movs	r3, #0
 115 005c 0593     		str	r3, [sp, #20]
 238:Core/Src/main.c ****   GPIO_InitStruct.Speed = GPIO_SPEED_FREQ_LOW;
 116              		.loc 1 238 3 is_stmt 1 view .LVU28
 117              		.loc 1 238 25 is_stmt 0 view .LVU29
 118 005e 0693     		str	r3, [sp, #24]
 239:Core/Src/main.c ****   HAL_GPIO_Init(GPIOB, &GPIO_InitStruct);
 119              		.loc 1 239 3 is_stmt 1 view .LVU30
 120 0060 03A9     		add	r1, sp, #12
 121 0062 2000     		movs	r0, r4
 122 0064 FFF7FEFF 		bl	HAL_GPIO_Init
 123              	.LVL2:
 240:Core/Src/main.c **** 
 241:Core/Src/main.c ****   /* USER CODE BEGIN MX_GPIO_Init_2 */
 242:Core/Src/main.c **** 
 243:Core/Src/main.c ****   /* USER CODE END MX_GPIO_Init_2 */
 244:Core/Src/main.c **** }
 124              		.loc 1 244 1 is_stmt 0 view .LVU31
 125 0068 08B0     		add	sp, sp, #32
 126              		@ sp needed
 127 006a 10BD     		pop	{r4, pc}
 128              	.L3:
 129              		.align	2
 130              	.L2:
 131 006c 00100240 		.word	1073876992
 132 0070 00040048 		.word	1207960576
 133              		.cfi_endproc
 134              	.LFE42:
 136              		.global	__aeabi_lmul
 137              		.global	__aeabi_ldivmod
 138              		.section	.text.calculate_mandelbrot_fixed_point_arithmetic,"ax",%progbits
 139              		.align	1
 140              		.global	calculate_mandelbrot_fixed_point_arithmetic
 141              		.syntax unified
 142              		.code	16
 143              		.thumb_func
 145              	calculate_mandelbrot_fixed_point_arithmetic:
 146              	.LVL3:
 147              	.LFB43:
 245:Core/Src/main.c **** 
 246:Core/Src/main.c **** /* USER CODE BEGIN 4 */
 247:Core/Src/main.c **** //TODO: Function signatures you defined previously , implement them here
 248:Core/Src/main.c **** uint64_t calculate_mandelbrot_fixed_point_arithmetic(int width, int height, int max_iterations){
 148              		.loc 1 248 96 is_stmt 1 view -0
 149              		.cfi_startproc
 150              		@ args = 0, pretend = 0, frame = 56
 151              		@ frame_needed = 0, uses_anonymous_args = 0
 152              		.loc 1 248 96 is_stmt 0 view .LVU33
 153 0000 F0B5     		push	{r4, r5, r6, r7, lr}
 154              	.LCFI2:
ARM GAS  C:\Users\BANELE~1\AppData\Local\Temp\cclmOWEj.s 			page 8


 155              		.cfi_def_cfa_offset 20
 156              		.cfi_offset 4, -20
 157              		.cfi_offset 5, -16
 158              		.cfi_offset 6, -12
 159              		.cfi_offset 7, -8
 160              		.cfi_offset 14, -4
 161 0002 DE46     		mov	lr, fp
 162 0004 5746     		mov	r7, r10
 163 0006 4E46     		mov	r6, r9
 164 0008 4546     		mov	r5, r8
 165 000a E0B5     		push	{r5, r6, r7, lr}
 166              	.LCFI3:
 167              		.cfi_def_cfa_offset 36
 168              		.cfi_offset 8, -36
 169              		.cfi_offset 9, -32
 170              		.cfi_offset 10, -28
 171              		.cfi_offset 11, -24
 172 000c 8FB0     		sub	sp, sp, #60
 173              	.LCFI4:
 174              		.cfi_def_cfa_offset 96
 175 000e 0700     		movs	r7, r0
 176 0010 0A92     		str	r2, [sp, #40]
 249:Core/Src/main.c ****   uint64_t mandelbrot_sum = 0;
 177              		.loc 1 249 3 is_stmt 1 view .LVU34
 178              	.LVL4:
 250:Core/Src/main.c ****     for (int y = 0; y < height; y++){
 179              		.loc 1 250 5 view .LVU35
 180              	.LBB7:
 181              		.loc 1 250 10 view .LVU36
 182              		.loc 1 250 14 is_stmt 0 view .LVU37
 183 0012 0023     		movs	r3, #0
 184 0014 9946     		mov	r9, r3
 185              	.LBE7:
 249:Core/Src/main.c ****   uint64_t mandelbrot_sum = 0;
 186              		.loc 1 249 12 view .LVU38
 187 0016 0023     		movs	r3, #0
 188 0018 0024     		movs	r4, #0
 189 001a 0893     		str	r3, [sp, #32]
 190 001c 0994     		str	r4, [sp, #36]
 191 001e 4B46     		mov	r3, r9
 192 0020 0C93     		str	r3, [sp, #48]
 193 0022 0D91     		str	r1, [sp, #52]
 194              	.LBB14:
 195              		.loc 1 250 5 view .LVU39
 196 0024 70E0     		b	.L5
 197              	.LVL5:
 198              	.L13:
 199              	.LBB8:
 200              	.LBB9:
 201              	.LBB10:
 251:Core/Src/main.c ****       for(int x = 0; x < width; x++){
 252:Core/Src/main.c ****         int32_t x0 = ((int64_t)x *3500000)/width-2500000;
 253:Core/Src/main.c ****         int32_t y0 = ((int64_t)y *2000000)/height-1000000;
 254:Core/Src/main.c **** 
 255:Core/Src/main.c ****         int32_t xi = 0, yi = 0;
 256:Core/Src/main.c ****         int iterations = 0;
 257:Core/Src/main.c **** 
ARM GAS  C:\Users\BANELE~1\AppData\Local\Temp\cclmOWEj.s 			page 9


 258:Core/Src/main.c ****         while(iterations < max_iterations){
 259:Core/Src/main.c ****           int64_t xi2 = ((int64_t)xi * xi) / SCALE;
 260:Core/Src/main.c ****           int64_t yi2 = ((int64_t)yi * yi) / SCALE;
 261:Core/Src/main.c **** 
 262:Core/Src/main.c ****           if(xi2 + yi2 > 4000000) break;
 263:Core/Src/main.c ****           int32_t temp = xi2 - yi2;
 202              		.loc 1 263 11 is_stmt 1 view .LVU40
 203              		.loc 1 263 30 is_stmt 0 view .LVU41
 204 0026 0099     		ldr	r1, [sp]
 205 0028 8B1A     		subs	r3, r1, r2
 206 002a 9946     		mov	r9, r3
 207              	.LVL6:
 264:Core/Src/main.c ****           yi = (2 * (int64_t)xi * yi) / SCALE + y0;
 208              		.loc 1 264 11 is_stmt 1 view .LVU42
 209              		.loc 1 264 33 is_stmt 0 view .LVU43
 210 002c 039A     		ldr	r2, [sp, #12]
 211              	.LVL7:
 212              		.loc 1 264 33 view .LVU44
 213 002e 3B00     		movs	r3, r7
 214              	.LVL8:
 215              		.loc 1 264 33 view .LVU45
 216 0030 0298     		ldr	r0, [sp, #8]
 217 0032 3100     		movs	r1, r6
 218 0034 FFF7FEFF 		bl	__aeabi_lmul
 219              	.LVL9:
 220              		.loc 1 264 39 view .LVU46
 221 0038 3B4A     		ldr	r2, .L16
 222 003a 0023     		movs	r3, #0
 223 003c FFF7FEFF 		bl	__aeabi_ldivmod
 224              	.LVL10:
 225              		.loc 1 264 47 view .LVU47
 226 0040 4044     		add	r0, r0, r8
 227 0042 0400     		movs	r4, r0
 228              	.LVL11:
 265:Core/Src/main.c ****           xi = temp + x0;
 229              		.loc 1 265 11 is_stmt 1 view .LVU48
 230              		.loc 1 265 14 is_stmt 0 view .LVU49
 231 0044 4846     		mov	r0, r9
 232              	.LVL12:
 233              		.loc 1 265 14 view .LVU50
 234 0046 5844     		add	r0, r0, fp
 235              	.LVL13:
 266:Core/Src/main.c ****           iterations++;
 236              		.loc 1 266 11 is_stmt 1 view .LVU51
 237              		.loc 1 266 21 is_stmt 0 view .LVU52
 238 0048 0135     		adds	r5, r5, #1
 239              	.LVL14:
 240              	.L6:
 241              		.loc 1 266 21 view .LVU53
 242              	.LBE10:
 258:Core/Src/main.c ****           int64_t xi2 = ((int64_t)xi * xi) / SCALE;
 243              		.loc 1 258 26 is_stmt 1 view .LVU54
 244 004a 0A9B     		ldr	r3, [sp, #40]
 245 004c 9D42     		cmp	r5, r3
 246 004e 27DA     		bge	.L7
 247              	.LBB11:
 259:Core/Src/main.c ****           int64_t yi2 = ((int64_t)yi * yi) / SCALE;
ARM GAS  C:\Users\BANELE~1\AppData\Local\Temp\cclmOWEj.s 			page 10


 248              		.loc 1 259 11 view .LVU55
 259:Core/Src/main.c ****           int64_t yi2 = ((int64_t)yi * yi) / SCALE;
 249              		.loc 1 259 26 is_stmt 0 view .LVU56
 250 0050 0290     		str	r0, [sp, #8]
 251 0052 C617     		asrs	r6, r0, #31
 259:Core/Src/main.c ****           int64_t yi2 = ((int64_t)yi * yi) / SCALE;
 252              		.loc 1 259 38 view .LVU57
 253 0054 0200     		movs	r2, r0
 254 0056 3300     		movs	r3, r6
 255 0058 3100     		movs	r1, r6
 256 005a FFF7FEFF 		bl	__aeabi_lmul
 257              	.LVL15:
 259:Core/Src/main.c ****           int64_t yi2 = ((int64_t)yi * yi) / SCALE;
 258              		.loc 1 259 19 view .LVU58
 259 005e 334A     		ldr	r2, .L16+4
 260 0060 0023     		movs	r3, #0
 261 0062 FFF7FEFF 		bl	__aeabi_ldivmod
 262              	.LVL16:
 263 0066 0090     		str	r0, [sp]
 264 0068 0191     		str	r1, [sp, #4]
 265              	.LVL17:
 260:Core/Src/main.c **** 
 266              		.loc 1 260 11 is_stmt 1 view .LVU59
 260:Core/Src/main.c **** 
 267              		.loc 1 260 26 is_stmt 0 view .LVU60
 268 006a 0394     		str	r4, [sp, #12]
 269 006c E717     		asrs	r7, r4, #31
 260:Core/Src/main.c **** 
 270              		.loc 1 260 38 view .LVU61
 271 006e 2200     		movs	r2, r4
 272 0070 3B00     		movs	r3, r7
 273 0072 2000     		movs	r0, r4
 274 0074 3900     		movs	r1, r7
 275 0076 FFF7FEFF 		bl	__aeabi_lmul
 276              	.LVL18:
 260:Core/Src/main.c **** 
 277              		.loc 1 260 19 view .LVU62
 278 007a 2C4A     		ldr	r2, .L16+4
 279 007c 0023     		movs	r3, #0
 280 007e FFF7FEFF 		bl	__aeabi_ldivmod
 281              	.LVL19:
 282 0082 0200     		movs	r2, r0
 283 0084 0B00     		movs	r3, r1
 284              	.LVL20:
 262:Core/Src/main.c ****           int32_t temp = xi2 - yi2;
 285              		.loc 1 262 11 is_stmt 1 view .LVU63
 262:Core/Src/main.c ****           int32_t temp = xi2 - yi2;
 286              		.loc 1 262 18 is_stmt 0 view .LVU64
 287 0086 0098     		ldr	r0, [sp]
 288 0088 0199     		ldr	r1, [sp, #4]
 289 008a 8018     		adds	r0, r0, r2
 290 008c 5941     		adcs	r1, r1, r3
 291 008e 0490     		str	r0, [sp, #16]
 292 0090 0591     		str	r1, [sp, #20]
 262:Core/Src/main.c ****           int32_t temp = xi2 - yi2;
 293              		.loc 1 262 13 view .LVU65
 294 0092 0029     		cmp	r1, #0
ARM GAS  C:\Users\BANELE~1\AppData\Local\Temp\cclmOWEj.s 			page 11


 295 0094 04DC     		bgt	.L7
 296 0096 C6D1     		bne	.L13
 297 0098 2549     		ldr	r1, .L16+8
 298 009a 0498     		ldr	r0, [sp, #16]
 299 009c 8842     		cmp	r0, r1
 300 009e C2D9     		bls	.L13
 301              	.LVL21:
 302              	.L7:
 262:Core/Src/main.c ****           int32_t temp = xi2 - yi2;
 303              		.loc 1 262 13 view .LVU66
 304              	.LBE11:
 267:Core/Src/main.c ****         }
 268:Core/Src/main.c ****         mandelbrot_sum += iterations;
 305              		.loc 1 268 24 view .LVU67
 306 00a0 0B9E     		ldr	r6, [sp, #44]
 307 00a2 5746     		mov	r7, r10
 308              		.loc 1 268 9 is_stmt 1 view .LVU68
 309              		.loc 1 268 24 is_stmt 0 view .LVU69
 310 00a4 0695     		str	r5, [sp, #24]
 311 00a6 EB17     		asrs	r3, r5, #31
 312 00a8 0793     		str	r3, [sp, #28]
 313 00aa 089B     		ldr	r3, [sp, #32]
 314 00ac 099C     		ldr	r4, [sp, #36]
 315 00ae 0699     		ldr	r1, [sp, #24]
 316 00b0 079A     		ldr	r2, [sp, #28]
 317 00b2 5B18     		adds	r3, r3, r1
 318 00b4 5441     		adcs	r4, r4, r2
 319 00b6 0893     		str	r3, [sp, #32]
 320 00b8 0994     		str	r4, [sp, #36]
 321              	.LVL22:
 322              		.loc 1 268 24 view .LVU70
 323              	.LBE9:
 251:Core/Src/main.c ****         int32_t x0 = ((int64_t)x *3500000)/width-2500000;
 324              		.loc 1 251 34 is_stmt 1 discriminator 2 view .LVU71
 325 00ba 0136     		adds	r6, r6, #1
 326              	.LVL23:
 327              	.L11:
 251:Core/Src/main.c ****         int32_t x0 = ((int64_t)x *3500000)/width-2500000;
 328              		.loc 1 251 24 discriminator 1 view .LVU72
 329 00bc BE42     		cmp	r6, r7
 330 00be 20DA     		bge	.L14
 331              	.LBB12:
 252:Core/Src/main.c ****         int32_t y0 = ((int64_t)y *2000000)/height-1000000;
 332              		.loc 1 252 9 view .LVU73
 252:Core/Src/main.c ****         int32_t y0 = ((int64_t)y *2000000)/height-1000000;
 333              		.loc 1 252 23 is_stmt 0 view .LVU74
 334 00c0 F117     		asrs	r1, r6, #31
 252:Core/Src/main.c ****         int32_t y0 = ((int64_t)y *2000000)/height-1000000;
 335              		.loc 1 252 34 view .LVU75
 336 00c2 1C4A     		ldr	r2, .L16+12
 337 00c4 0023     		movs	r3, #0
 338 00c6 3000     		movs	r0, r6
 339 00c8 FFF7FEFF 		bl	__aeabi_lmul
 340              	.LVL24:
 252:Core/Src/main.c ****         int32_t y0 = ((int64_t)y *2000000)/height-1000000;
 341              		.loc 1 252 43 view .LVU76
 342 00cc FB17     		asrs	r3, r7, #31
ARM GAS  C:\Users\BANELE~1\AppData\Local\Temp\cclmOWEj.s 			page 12


 343 00ce 3A00     		movs	r2, r7
 344 00d0 FFF7FEFF 		bl	__aeabi_ldivmod
 345              	.LVL25:
 252:Core/Src/main.c ****         int32_t y0 = ((int64_t)y *2000000)/height-1000000;
 346              		.loc 1 252 49 view .LVU77
 347 00d4 184B     		ldr	r3, .L16+16
 348 00d6 9B46     		mov	fp, r3
 349 00d8 8344     		add	fp, fp, r0
 350              	.LVL26:
 253:Core/Src/main.c **** 
 351              		.loc 1 253 9 is_stmt 1 view .LVU78
 253:Core/Src/main.c **** 
 352              		.loc 1 253 23 is_stmt 0 view .LVU79
 353 00da 0C98     		ldr	r0, [sp, #48]
 354 00dc C117     		asrs	r1, r0, #31
 253:Core/Src/main.c **** 
 355              		.loc 1 253 34 view .LVU80
 356 00de 174A     		ldr	r2, .L16+20
 357 00e0 0023     		movs	r3, #0
 358 00e2 FFF7FEFF 		bl	__aeabi_lmul
 359              	.LVL27:
 253:Core/Src/main.c **** 
 360              		.loc 1 253 43 view .LVU81
 361 00e6 0D9A     		ldr	r2, [sp, #52]
 362 00e8 D317     		asrs	r3, r2, #31
 363 00ea FFF7FEFF 		bl	__aeabi_ldivmod
 364              	.LVL28:
 253:Core/Src/main.c **** 
 365              		.loc 1 253 50 view .LVU82
 366 00ee 144B     		ldr	r3, .L16+24
 367 00f0 9A46     		mov	r10, r3
 368 00f2 8244     		add	r10, r10, r0
 369              	.LVL29:
 255:Core/Src/main.c ****         int iterations = 0;
 370              		.loc 1 255 9 is_stmt 1 view .LVU83
 256:Core/Src/main.c **** 
 371              		.loc 1 256 9 view .LVU84
 258:Core/Src/main.c ****           int64_t xi2 = ((int64_t)xi * xi) / SCALE;
 372              		.loc 1 258 9 view .LVU85
 256:Core/Src/main.c **** 
 373              		.loc 1 256 13 is_stmt 0 view .LVU86
 374 00f4 0025     		movs	r5, #0
 255:Core/Src/main.c ****         int iterations = 0;
 375              		.loc 1 255 25 view .LVU87
 376 00f6 0024     		movs	r4, #0
 255:Core/Src/main.c ****         int iterations = 0;
 377              		.loc 1 255 17 view .LVU88
 378 00f8 0020     		movs	r0, #0
 379 00fa D046     		mov	r8, r10
 380 00fc 0B96     		str	r6, [sp, #44]
 381 00fe BA46     		mov	r10, r7
 382              	.LVL30:
 258:Core/Src/main.c ****           int64_t xi2 = ((int64_t)xi * xi) / SCALE;
 383              		.loc 1 258 14 view .LVU89
 384 0100 A3E7     		b	.L6
 385              	.LVL31:
 386              	.L14:
ARM GAS  C:\Users\BANELE~1\AppData\Local\Temp\cclmOWEj.s 			page 13


 258:Core/Src/main.c ****           int64_t xi2 = ((int64_t)xi * xi) / SCALE;
 387              		.loc 1 258 14 view .LVU90
 388              	.LBE12:
 389              	.LBE8:
 250:Core/Src/main.c ****       for(int x = 0; x < width; x++){
 390              		.loc 1 250 34 is_stmt 1 discriminator 2 view .LVU91
 391 0102 0C9B     		ldr	r3, [sp, #48]
 392 0104 0133     		adds	r3, r3, #1
 393 0106 0C93     		str	r3, [sp, #48]
 394              	.LVL32:
 395              	.L5:
 250:Core/Src/main.c ****       for(int x = 0; x < width; x++){
 396              		.loc 1 250 23 discriminator 1 view .LVU92
 397 0108 0C9B     		ldr	r3, [sp, #48]
 398 010a 0D9A     		ldr	r2, [sp, #52]
 399 010c 9342     		cmp	r3, r2
 400 010e 01DA     		bge	.L15
 401              	.LBB13:
 251:Core/Src/main.c ****         int32_t x0 = ((int64_t)x *3500000)/width-2500000;
 402              		.loc 1 251 15 is_stmt 0 view .LVU93
 403 0110 0026     		movs	r6, #0
 404 0112 D3E7     		b	.L11
 405              	.L15:
 406              	.LBE13:
 407              	.LBE14:
 269:Core/Src/main.c ****       }
 270:Core/Src/main.c ****     }
 271:Core/Src/main.c ****     return mandelbrot_sum;
 408              		.loc 1 271 5 is_stmt 1 view .LVU94
 272:Core/Src/main.c **** }
 409              		.loc 1 272 1 is_stmt 0 view .LVU95
 410 0114 0898     		ldr	r0, [sp, #32]
 411 0116 0999     		ldr	r1, [sp, #36]
 412 0118 0FB0     		add	sp, sp, #60
 413              		@ sp needed
 414              	.LVL33:
 415              		.loc 1 272 1 view .LVU96
 416 011a F0BC     		pop	{r4, r5, r6, r7}
 417 011c BB46     		mov	fp, r7
 418 011e B246     		mov	r10, r6
 419 0120 A946     		mov	r9, r5
 420 0122 A046     		mov	r8, r4
 421 0124 F0BD     		pop	{r4, r5, r6, r7, pc}
 422              	.L17:
 423 0126 C046     		.align	2
 424              	.L16:
 425 0128 20A10700 		.word	500000
 426 012c 40420F00 		.word	1000000
 427 0130 00093D00 		.word	4000000
 428 0134 E0673500 		.word	3500000
 429 0138 60DAD9FF 		.word	-2500000
 430 013c 80841E00 		.word	2000000
 431 0140 C0BDF0FF 		.word	-1000000
 432              		.cfi_endproc
 433              	.LFE43:
 435              		.section	.text.Error_Handler,"ax",%progbits
 436              		.align	1
ARM GAS  C:\Users\BANELE~1\AppData\Local\Temp\cclmOWEj.s 			page 14


 437              		.global	Error_Handler
 438              		.syntax unified
 439              		.code	16
 440              		.thumb_func
 442              	Error_Handler:
 443              	.LFB44:
 273:Core/Src/main.c **** /* USER CODE END 4 */
 274:Core/Src/main.c **** 
 275:Core/Src/main.c **** /**
 276:Core/Src/main.c ****   * @brief  This function is executed in case of error occurrence.
 277:Core/Src/main.c ****   * @retval None
 278:Core/Src/main.c ****   */
 279:Core/Src/main.c **** void Error_Handler(void)
 280:Core/Src/main.c **** {
 444              		.loc 1 280 1 is_stmt 1 view -0
 445              		.cfi_startproc
 446              		@ Volatile: function does not return.
 447              		@ args = 0, pretend = 0, frame = 0
 448              		@ frame_needed = 0, uses_anonymous_args = 0
 449              		@ link register save eliminated.
 281:Core/Src/main.c ****   /* USER CODE BEGIN Error_Handler_Debug */
 282:Core/Src/main.c ****   /* User can add his own implementation to report the HAL error return state */
 283:Core/Src/main.c ****   __disable_irq();
 450              		.loc 1 283 3 view .LVU98
 451              	.LBB15:
 452              	.LBI15:
 453              		.file 2 "Drivers/CMSIS/Include/cmsis_gcc.h"
   1:Drivers/CMSIS/Include/cmsis_gcc.h **** /**************************************************************************//**
   2:Drivers/CMSIS/Include/cmsis_gcc.h ****  * @file     cmsis_gcc.h
   3:Drivers/CMSIS/Include/cmsis_gcc.h ****  * @brief    CMSIS compiler GCC header file
   4:Drivers/CMSIS/Include/cmsis_gcc.h ****  * @version  V5.0.4
   5:Drivers/CMSIS/Include/cmsis_gcc.h ****  * @date     09. April 2018
   6:Drivers/CMSIS/Include/cmsis_gcc.h ****  ******************************************************************************/
   7:Drivers/CMSIS/Include/cmsis_gcc.h **** /*
   8:Drivers/CMSIS/Include/cmsis_gcc.h ****  * Copyright (c) 2009-2018 Arm Limited. All rights reserved.
   9:Drivers/CMSIS/Include/cmsis_gcc.h ****  *
  10:Drivers/CMSIS/Include/cmsis_gcc.h ****  * SPDX-License-Identifier: Apache-2.0
  11:Drivers/CMSIS/Include/cmsis_gcc.h ****  *
  12:Drivers/CMSIS/Include/cmsis_gcc.h ****  * Licensed under the Apache License, Version 2.0 (the License); you may
  13:Drivers/CMSIS/Include/cmsis_gcc.h ****  * not use this file except in compliance with the License.
  14:Drivers/CMSIS/Include/cmsis_gcc.h ****  * You may obtain a copy of the License at
  15:Drivers/CMSIS/Include/cmsis_gcc.h ****  *
  16:Drivers/CMSIS/Include/cmsis_gcc.h ****  * www.apache.org/licenses/LICENSE-2.0
  17:Drivers/CMSIS/Include/cmsis_gcc.h ****  *
  18:Drivers/CMSIS/Include/cmsis_gcc.h ****  * Unless required by applicable law or agreed to in writing, software
  19:Drivers/CMSIS/Include/cmsis_gcc.h ****  * distributed under the License is distributed on an AS IS BASIS, WITHOUT
  20:Drivers/CMSIS/Include/cmsis_gcc.h ****  * WARRANTIES OR CONDITIONS OF ANY KIND, either express or implied.
  21:Drivers/CMSIS/Include/cmsis_gcc.h ****  * See the License for the specific language governing permissions and
  22:Drivers/CMSIS/Include/cmsis_gcc.h ****  * limitations under the License.
  23:Drivers/CMSIS/Include/cmsis_gcc.h ****  */
  24:Drivers/CMSIS/Include/cmsis_gcc.h **** 
  25:Drivers/CMSIS/Include/cmsis_gcc.h **** #ifndef __CMSIS_GCC_H
  26:Drivers/CMSIS/Include/cmsis_gcc.h **** #define __CMSIS_GCC_H
  27:Drivers/CMSIS/Include/cmsis_gcc.h **** 
  28:Drivers/CMSIS/Include/cmsis_gcc.h **** /* ignore some GCC warnings */
  29:Drivers/CMSIS/Include/cmsis_gcc.h **** #pragma GCC diagnostic push
  30:Drivers/CMSIS/Include/cmsis_gcc.h **** #pragma GCC diagnostic ignored "-Wsign-conversion"
ARM GAS  C:\Users\BANELE~1\AppData\Local\Temp\cclmOWEj.s 			page 15


  31:Drivers/CMSIS/Include/cmsis_gcc.h **** #pragma GCC diagnostic ignored "-Wconversion"
  32:Drivers/CMSIS/Include/cmsis_gcc.h **** #pragma GCC diagnostic ignored "-Wunused-parameter"
  33:Drivers/CMSIS/Include/cmsis_gcc.h **** 
  34:Drivers/CMSIS/Include/cmsis_gcc.h **** /* Fallback for __has_builtin */
  35:Drivers/CMSIS/Include/cmsis_gcc.h **** #ifndef __has_builtin
  36:Drivers/CMSIS/Include/cmsis_gcc.h ****   #define __has_builtin(x) (0)
  37:Drivers/CMSIS/Include/cmsis_gcc.h **** #endif
  38:Drivers/CMSIS/Include/cmsis_gcc.h **** 
  39:Drivers/CMSIS/Include/cmsis_gcc.h **** /* CMSIS compiler specific defines */
  40:Drivers/CMSIS/Include/cmsis_gcc.h **** #ifndef   __ASM
  41:Drivers/CMSIS/Include/cmsis_gcc.h ****   #define __ASM                                  __asm
  42:Drivers/CMSIS/Include/cmsis_gcc.h **** #endif
  43:Drivers/CMSIS/Include/cmsis_gcc.h **** #ifndef   __INLINE
  44:Drivers/CMSIS/Include/cmsis_gcc.h ****   #define __INLINE                               inline
  45:Drivers/CMSIS/Include/cmsis_gcc.h **** #endif
  46:Drivers/CMSIS/Include/cmsis_gcc.h **** #ifndef   __STATIC_INLINE
  47:Drivers/CMSIS/Include/cmsis_gcc.h ****   #define __STATIC_INLINE                        static inline
  48:Drivers/CMSIS/Include/cmsis_gcc.h **** #endif
  49:Drivers/CMSIS/Include/cmsis_gcc.h **** #ifndef   __STATIC_FORCEINLINE                 
  50:Drivers/CMSIS/Include/cmsis_gcc.h ****   #define __STATIC_FORCEINLINE                   __attribute__((always_inline)) static inline
  51:Drivers/CMSIS/Include/cmsis_gcc.h **** #endif                                           
  52:Drivers/CMSIS/Include/cmsis_gcc.h **** #ifndef   __NO_RETURN
  53:Drivers/CMSIS/Include/cmsis_gcc.h ****   #define __NO_RETURN                            __attribute__((__noreturn__))
  54:Drivers/CMSIS/Include/cmsis_gcc.h **** #endif
  55:Drivers/CMSIS/Include/cmsis_gcc.h **** #ifndef   __USED
  56:Drivers/CMSIS/Include/cmsis_gcc.h ****   #define __USED                                 __attribute__((used))
  57:Drivers/CMSIS/Include/cmsis_gcc.h **** #endif
  58:Drivers/CMSIS/Include/cmsis_gcc.h **** #ifndef   __WEAK
  59:Drivers/CMSIS/Include/cmsis_gcc.h ****   #define __WEAK                                 __attribute__((weak))
  60:Drivers/CMSIS/Include/cmsis_gcc.h **** #endif
  61:Drivers/CMSIS/Include/cmsis_gcc.h **** #ifndef   __PACKED
  62:Drivers/CMSIS/Include/cmsis_gcc.h ****   #define __PACKED                               __attribute__((packed, aligned(1)))
  63:Drivers/CMSIS/Include/cmsis_gcc.h **** #endif
  64:Drivers/CMSIS/Include/cmsis_gcc.h **** #ifndef   __PACKED_STRUCT
  65:Drivers/CMSIS/Include/cmsis_gcc.h ****   #define __PACKED_STRUCT                        struct __attribute__((packed, aligned(1)))
  66:Drivers/CMSIS/Include/cmsis_gcc.h **** #endif
  67:Drivers/CMSIS/Include/cmsis_gcc.h **** #ifndef   __PACKED_UNION
  68:Drivers/CMSIS/Include/cmsis_gcc.h ****   #define __PACKED_UNION                         union __attribute__((packed, aligned(1)))
  69:Drivers/CMSIS/Include/cmsis_gcc.h **** #endif
  70:Drivers/CMSIS/Include/cmsis_gcc.h **** #ifndef   __UNALIGNED_UINT32        /* deprecated */
  71:Drivers/CMSIS/Include/cmsis_gcc.h ****   #pragma GCC diagnostic push
  72:Drivers/CMSIS/Include/cmsis_gcc.h ****   #pragma GCC diagnostic ignored "-Wpacked"
  73:Drivers/CMSIS/Include/cmsis_gcc.h ****   #pragma GCC diagnostic ignored "-Wattributes"
  74:Drivers/CMSIS/Include/cmsis_gcc.h ****   struct __attribute__((packed)) T_UINT32 { uint32_t v; };
  75:Drivers/CMSIS/Include/cmsis_gcc.h ****   #pragma GCC diagnostic pop
  76:Drivers/CMSIS/Include/cmsis_gcc.h ****   #define __UNALIGNED_UINT32(x)                  (((struct T_UINT32 *)(x))->v)
  77:Drivers/CMSIS/Include/cmsis_gcc.h **** #endif
  78:Drivers/CMSIS/Include/cmsis_gcc.h **** #ifndef   __UNALIGNED_UINT16_WRITE
  79:Drivers/CMSIS/Include/cmsis_gcc.h ****   #pragma GCC diagnostic push
  80:Drivers/CMSIS/Include/cmsis_gcc.h ****   #pragma GCC diagnostic ignored "-Wpacked"
  81:Drivers/CMSIS/Include/cmsis_gcc.h ****   #pragma GCC diagnostic ignored "-Wattributes"
  82:Drivers/CMSIS/Include/cmsis_gcc.h ****   __PACKED_STRUCT T_UINT16_WRITE { uint16_t v; };
  83:Drivers/CMSIS/Include/cmsis_gcc.h ****   #pragma GCC diagnostic pop
  84:Drivers/CMSIS/Include/cmsis_gcc.h ****   #define __UNALIGNED_UINT16_WRITE(addr, val)    (void)((((struct T_UINT16_WRITE *)(void *)(addr))-
  85:Drivers/CMSIS/Include/cmsis_gcc.h **** #endif
  86:Drivers/CMSIS/Include/cmsis_gcc.h **** #ifndef   __UNALIGNED_UINT16_READ
  87:Drivers/CMSIS/Include/cmsis_gcc.h ****   #pragma GCC diagnostic push
ARM GAS  C:\Users\BANELE~1\AppData\Local\Temp\cclmOWEj.s 			page 16


  88:Drivers/CMSIS/Include/cmsis_gcc.h ****   #pragma GCC diagnostic ignored "-Wpacked"
  89:Drivers/CMSIS/Include/cmsis_gcc.h ****   #pragma GCC diagnostic ignored "-Wattributes"
  90:Drivers/CMSIS/Include/cmsis_gcc.h ****   __PACKED_STRUCT T_UINT16_READ { uint16_t v; };
  91:Drivers/CMSIS/Include/cmsis_gcc.h ****   #pragma GCC diagnostic pop
  92:Drivers/CMSIS/Include/cmsis_gcc.h ****   #define __UNALIGNED_UINT16_READ(addr)          (((const struct T_UINT16_READ *)(const void *)(add
  93:Drivers/CMSIS/Include/cmsis_gcc.h **** #endif
  94:Drivers/CMSIS/Include/cmsis_gcc.h **** #ifndef   __UNALIGNED_UINT32_WRITE
  95:Drivers/CMSIS/Include/cmsis_gcc.h ****   #pragma GCC diagnostic push
  96:Drivers/CMSIS/Include/cmsis_gcc.h ****   #pragma GCC diagnostic ignored "-Wpacked"
  97:Drivers/CMSIS/Include/cmsis_gcc.h ****   #pragma GCC diagnostic ignored "-Wattributes"
  98:Drivers/CMSIS/Include/cmsis_gcc.h ****   __PACKED_STRUCT T_UINT32_WRITE { uint32_t v; };
  99:Drivers/CMSIS/Include/cmsis_gcc.h ****   #pragma GCC diagnostic pop
 100:Drivers/CMSIS/Include/cmsis_gcc.h ****   #define __UNALIGNED_UINT32_WRITE(addr, val)    (void)((((struct T_UINT32_WRITE *)(void *)(addr))-
 101:Drivers/CMSIS/Include/cmsis_gcc.h **** #endif
 102:Drivers/CMSIS/Include/cmsis_gcc.h **** #ifndef   __UNALIGNED_UINT32_READ
 103:Drivers/CMSIS/Include/cmsis_gcc.h ****   #pragma GCC diagnostic push
 104:Drivers/CMSIS/Include/cmsis_gcc.h ****   #pragma GCC diagnostic ignored "-Wpacked"
 105:Drivers/CMSIS/Include/cmsis_gcc.h ****   #pragma GCC diagnostic ignored "-Wattributes"
 106:Drivers/CMSIS/Include/cmsis_gcc.h ****   __PACKED_STRUCT T_UINT32_READ { uint32_t v; };
 107:Drivers/CMSIS/Include/cmsis_gcc.h ****   #pragma GCC diagnostic pop
 108:Drivers/CMSIS/Include/cmsis_gcc.h ****   #define __UNALIGNED_UINT32_READ(addr)          (((const struct T_UINT32_READ *)(const void *)(add
 109:Drivers/CMSIS/Include/cmsis_gcc.h **** #endif
 110:Drivers/CMSIS/Include/cmsis_gcc.h **** #ifndef   __ALIGNED
 111:Drivers/CMSIS/Include/cmsis_gcc.h ****   #define __ALIGNED(x)                           __attribute__((aligned(x)))
 112:Drivers/CMSIS/Include/cmsis_gcc.h **** #endif
 113:Drivers/CMSIS/Include/cmsis_gcc.h **** #ifndef   __RESTRICT
 114:Drivers/CMSIS/Include/cmsis_gcc.h ****   #define __RESTRICT                             __restrict
 115:Drivers/CMSIS/Include/cmsis_gcc.h **** #endif
 116:Drivers/CMSIS/Include/cmsis_gcc.h **** 
 117:Drivers/CMSIS/Include/cmsis_gcc.h **** 
 118:Drivers/CMSIS/Include/cmsis_gcc.h **** /* ###########################  Core Function Access  ########################### */
 119:Drivers/CMSIS/Include/cmsis_gcc.h **** /** \ingroup  CMSIS_Core_FunctionInterface
 120:Drivers/CMSIS/Include/cmsis_gcc.h ****     \defgroup CMSIS_Core_RegAccFunctions CMSIS Core Register Access Functions
 121:Drivers/CMSIS/Include/cmsis_gcc.h ****   @{
 122:Drivers/CMSIS/Include/cmsis_gcc.h ****  */
 123:Drivers/CMSIS/Include/cmsis_gcc.h **** 
 124:Drivers/CMSIS/Include/cmsis_gcc.h **** /**
 125:Drivers/CMSIS/Include/cmsis_gcc.h ****   \brief   Enable IRQ Interrupts
 126:Drivers/CMSIS/Include/cmsis_gcc.h ****   \details Enables IRQ interrupts by clearing the I-bit in the CPSR.
 127:Drivers/CMSIS/Include/cmsis_gcc.h ****            Can only be executed in Privileged modes.
 128:Drivers/CMSIS/Include/cmsis_gcc.h ****  */
 129:Drivers/CMSIS/Include/cmsis_gcc.h **** __STATIC_FORCEINLINE void __enable_irq(void)
 130:Drivers/CMSIS/Include/cmsis_gcc.h **** {
 131:Drivers/CMSIS/Include/cmsis_gcc.h ****   __ASM volatile ("cpsie i" : : : "memory");
 132:Drivers/CMSIS/Include/cmsis_gcc.h **** }
 133:Drivers/CMSIS/Include/cmsis_gcc.h **** 
 134:Drivers/CMSIS/Include/cmsis_gcc.h **** 
 135:Drivers/CMSIS/Include/cmsis_gcc.h **** /**
 136:Drivers/CMSIS/Include/cmsis_gcc.h ****   \brief   Disable IRQ Interrupts
 137:Drivers/CMSIS/Include/cmsis_gcc.h ****   \details Disables IRQ interrupts by setting the I-bit in the CPSR.
 138:Drivers/CMSIS/Include/cmsis_gcc.h ****            Can only be executed in Privileged modes.
 139:Drivers/CMSIS/Include/cmsis_gcc.h ****  */
 140:Drivers/CMSIS/Include/cmsis_gcc.h **** __STATIC_FORCEINLINE void __disable_irq(void)
 454              		.loc 2 140 27 view .LVU99
 455              	.LBB16:
 141:Drivers/CMSIS/Include/cmsis_gcc.h **** {
 142:Drivers/CMSIS/Include/cmsis_gcc.h ****   __ASM volatile ("cpsid i" : : : "memory");
ARM GAS  C:\Users\BANELE~1\AppData\Local\Temp\cclmOWEj.s 			page 17


 456              		.loc 2 142 3 view .LVU100
 457              		.syntax divided
 458              	@ 142 "Drivers/CMSIS/Include/cmsis_gcc.h" 1
 459 0000 72B6     		cpsid i
 460              	@ 0 "" 2
 461              		.thumb
 462              		.syntax unified
 463              	.L19:
 464              	.LBE16:
 465              	.LBE15:
 284:Core/Src/main.c ****   while (1)
 466              		.loc 1 284 3 view .LVU101
 285:Core/Src/main.c ****   {
 286:Core/Src/main.c ****   }
 467              		.loc 1 286 3 view .LVU102
 284:Core/Src/main.c ****   while (1)
 468              		.loc 1 284 9 view .LVU103
 469 0002 FEE7     		b	.L19
 470              		.cfi_endproc
 471              	.LFE44:
 473              		.section	.text.SystemClock_Config,"ax",%progbits
 474              		.align	1
 475              		.global	SystemClock_Config
 476              		.syntax unified
 477              		.code	16
 478              		.thumb_func
 480              	SystemClock_Config:
 481              	.LFB41:
 178:Core/Src/main.c ****   RCC_OscInitTypeDef RCC_OscInitStruct = {0};
 482              		.loc 1 178 1 view -0
 483              		.cfi_startproc
 484              		@ args = 0, pretend = 0, frame = 64
 485              		@ frame_needed = 0, uses_anonymous_args = 0
 486 0000 00B5     		push	{lr}
 487              	.LCFI5:
 488              		.cfi_def_cfa_offset 4
 489              		.cfi_offset 14, -4
 490 0002 91B0     		sub	sp, sp, #68
 491              	.LCFI6:
 492              		.cfi_def_cfa_offset 72
 179:Core/Src/main.c ****   RCC_ClkInitTypeDef RCC_ClkInitStruct = {0};
 493              		.loc 1 179 3 view .LVU105
 179:Core/Src/main.c ****   RCC_ClkInitTypeDef RCC_ClkInitStruct = {0};
 494              		.loc 1 179 22 is_stmt 0 view .LVU106
 495 0004 3022     		movs	r2, #48
 496 0006 0021     		movs	r1, #0
 497 0008 04A8     		add	r0, sp, #16
 498 000a FFF7FEFF 		bl	memset
 499              	.LVL34:
 180:Core/Src/main.c **** 
 500              		.loc 1 180 3 is_stmt 1 view .LVU107
 180:Core/Src/main.c **** 
 501              		.loc 1 180 22 is_stmt 0 view .LVU108
 502 000e 1022     		movs	r2, #16
 503 0010 0021     		movs	r1, #0
 504 0012 6846     		mov	r0, sp
 505 0014 FFF7FEFF 		bl	memset
ARM GAS  C:\Users\BANELE~1\AppData\Local\Temp\cclmOWEj.s 			page 18


 506              	.LVL35:
 185:Core/Src/main.c ****   RCC_OscInitStruct.HSIState = RCC_HSI_ON;
 507              		.loc 1 185 3 is_stmt 1 view .LVU109
 185:Core/Src/main.c ****   RCC_OscInitStruct.HSIState = RCC_HSI_ON;
 508              		.loc 1 185 36 is_stmt 0 view .LVU110
 509 0018 0223     		movs	r3, #2
 510 001a 0493     		str	r3, [sp, #16]
 186:Core/Src/main.c ****   RCC_OscInitStruct.HSICalibrationValue = RCC_HSICALIBRATION_DEFAULT;
 511              		.loc 1 186 3 is_stmt 1 view .LVU111
 186:Core/Src/main.c ****   RCC_OscInitStruct.HSICalibrationValue = RCC_HSICALIBRATION_DEFAULT;
 512              		.loc 1 186 30 is_stmt 0 view .LVU112
 513 001c 0122     		movs	r2, #1
 514 001e 0792     		str	r2, [sp, #28]
 187:Core/Src/main.c ****   RCC_OscInitStruct.PLL.PLLState = RCC_PLL_ON;
 515              		.loc 1 187 3 is_stmt 1 view .LVU113
 187:Core/Src/main.c ****   RCC_OscInitStruct.PLL.PLLState = RCC_PLL_ON;
 516              		.loc 1 187 41 is_stmt 0 view .LVU114
 517 0020 0F32     		adds	r2, r2, #15
 518 0022 0892     		str	r2, [sp, #32]
 188:Core/Src/main.c ****   RCC_OscInitStruct.PLL.PLLSource = RCC_PLLSOURCE_HSI;
 519              		.loc 1 188 3 is_stmt 1 view .LVU115
 188:Core/Src/main.c ****   RCC_OscInitStruct.PLL.PLLSource = RCC_PLLSOURCE_HSI;
 520              		.loc 1 188 34 is_stmt 0 view .LVU116
 521 0024 0C93     		str	r3, [sp, #48]
 189:Core/Src/main.c ****   RCC_OscInitStruct.PLL.PLLMUL = RCC_PLL_MUL12;
 522              		.loc 1 189 3 is_stmt 1 view .LVU117
 190:Core/Src/main.c ****   RCC_OscInitStruct.PLL.PREDIV = RCC_PREDIV_DIV1;
 523              		.loc 1 190 3 view .LVU118
 190:Core/Src/main.c ****   RCC_OscInitStruct.PLL.PREDIV = RCC_PREDIV_DIV1;
 524              		.loc 1 190 32 is_stmt 0 view .LVU119
 525 0026 A023     		movs	r3, #160
 526 0028 9B03     		lsls	r3, r3, #14
 527 002a 0E93     		str	r3, [sp, #56]
 191:Core/Src/main.c ****   if (HAL_RCC_OscConfig(&RCC_OscInitStruct) != HAL_OK)
 528              		.loc 1 191 3 is_stmt 1 view .LVU120
 192:Core/Src/main.c ****   {
 529              		.loc 1 192 3 view .LVU121
 192:Core/Src/main.c ****   {
 530              		.loc 1 192 7 is_stmt 0 view .LVU122
 531 002c 04A8     		add	r0, sp, #16
 532 002e FFF7FEFF 		bl	HAL_RCC_OscConfig
 533              	.LVL36:
 192:Core/Src/main.c ****   {
 534              		.loc 1 192 6 discriminator 1 view .LVU123
 535 0032 0028     		cmp	r0, #0
 536 0034 0ED1     		bne	.L23
 199:Core/Src/main.c ****                               |RCC_CLOCKTYPE_PCLK1;
 537              		.loc 1 199 3 is_stmt 1 view .LVU124
 199:Core/Src/main.c ****                               |RCC_CLOCKTYPE_PCLK1;
 538              		.loc 1 199 31 is_stmt 0 view .LVU125
 539 0036 0723     		movs	r3, #7
 540 0038 0093     		str	r3, [sp]
 201:Core/Src/main.c ****   RCC_ClkInitStruct.AHBCLKDivider = RCC_SYSCLK_DIV1;
 541              		.loc 1 201 3 is_stmt 1 view .LVU126
 201:Core/Src/main.c ****   RCC_ClkInitStruct.AHBCLKDivider = RCC_SYSCLK_DIV1;
 542              		.loc 1 201 34 is_stmt 0 view .LVU127
 543 003a 053B     		subs	r3, r3, #5
ARM GAS  C:\Users\BANELE~1\AppData\Local\Temp\cclmOWEj.s 			page 19


 544 003c 0193     		str	r3, [sp, #4]
 202:Core/Src/main.c ****   RCC_ClkInitStruct.APB1CLKDivider = RCC_HCLK_DIV1;
 545              		.loc 1 202 3 is_stmt 1 view .LVU128
 202:Core/Src/main.c ****   RCC_ClkInitStruct.APB1CLKDivider = RCC_HCLK_DIV1;
 546              		.loc 1 202 35 is_stmt 0 view .LVU129
 547 003e 0023     		movs	r3, #0
 548 0040 0293     		str	r3, [sp, #8]
 203:Core/Src/main.c **** 
 549              		.loc 1 203 3 is_stmt 1 view .LVU130
 203:Core/Src/main.c **** 
 550              		.loc 1 203 36 is_stmt 0 view .LVU131
 551 0042 0393     		str	r3, [sp, #12]
 205:Core/Src/main.c ****   {
 552              		.loc 1 205 3 is_stmt 1 view .LVU132
 205:Core/Src/main.c ****   {
 553              		.loc 1 205 7 is_stmt 0 view .LVU133
 554 0044 0121     		movs	r1, #1
 555 0046 6846     		mov	r0, sp
 556 0048 FFF7FEFF 		bl	HAL_RCC_ClockConfig
 557              	.LVL37:
 205:Core/Src/main.c ****   {
 558              		.loc 1 205 6 discriminator 1 view .LVU134
 559 004c 0028     		cmp	r0, #0
 560 004e 03D1     		bne	.L24
 209:Core/Src/main.c **** 
 561              		.loc 1 209 1 view .LVU135
 562 0050 11B0     		add	sp, sp, #68
 563              		@ sp needed
 564 0052 00BD     		pop	{pc}
 565              	.L23:
 194:Core/Src/main.c ****   }
 566              		.loc 1 194 5 is_stmt 1 view .LVU136
 567 0054 FFF7FEFF 		bl	Error_Handler
 568              	.LVL38:
 569              	.L24:
 207:Core/Src/main.c ****   }
 570              		.loc 1 207 5 view .LVU137
 571 0058 FFF7FEFF 		bl	Error_Handler
 572              	.LVL39:
 573              		.cfi_endproc
 574              	.LFE41:
 576              		.section	.text.main,"ax",%progbits
 577              		.align	1
 578              		.global	main
 579              		.syntax unified
 580              		.code	16
 581              		.thumb_func
 583              	main:
 584              	.LFB40:
  89:Core/Src/main.c **** 
 585              		.loc 1 89 1 view -0
 586              		.cfi_startproc
 587              		@ args = 0, pretend = 0, frame = 8
 588              		@ frame_needed = 0, uses_anonymous_args = 0
 589 0000 F0B5     		push	{r4, r5, r6, r7, lr}
 590              	.LCFI7:
 591              		.cfi_def_cfa_offset 20
ARM GAS  C:\Users\BANELE~1\AppData\Local\Temp\cclmOWEj.s 			page 20


 592              		.cfi_offset 4, -20
 593              		.cfi_offset 5, -16
 594              		.cfi_offset 6, -12
 595              		.cfi_offset 7, -8
 596              		.cfi_offset 14, -4
 597 0002 DE46     		mov	lr, fp
 598 0004 5746     		mov	r7, r10
 599 0006 4E46     		mov	r6, r9
 600 0008 4546     		mov	r5, r8
 601 000a E0B5     		push	{r5, r6, r7, lr}
 602              	.LCFI8:
 603              		.cfi_def_cfa_offset 36
 604              		.cfi_offset 8, -36
 605              		.cfi_offset 9, -32
 606              		.cfi_offset 10, -28
 607              		.cfi_offset 11, -24
 608 000c 83B0     		sub	sp, sp, #12
 609              	.LCFI9:
 610              		.cfi_def_cfa_offset 48
  98:Core/Src/main.c **** 
 611              		.loc 1 98 3 view .LVU139
 612 000e FFF7FEFF 		bl	HAL_Init
 613              	.LVL40:
 105:Core/Src/main.c **** 
 614              		.loc 1 105 3 view .LVU140
 615 0012 FFF7FEFF 		bl	SystemClock_Config
 616              	.LVL41:
 112:Core/Src/main.c ****   /* USER CODE BEGIN 2 */
 617              		.loc 1 112 3 view .LVU141
 618 0016 FFF7FEFF 		bl	MX_GPIO_Init
 619              	.LVL42:
 620 001a 6DE0     		b	.L26
 621              	.LVL43:
 622              	.L29:
 623              	.LBB17:
 624              	.LBB18:
 625              	.LBB19:
 135:Core/Src/main.c ****             current_height = test_sizes[size_idx][1];
 626              		.loc 1 135 13 view .LVU142
 135:Core/Src/main.c ****             current_height = test_sizes[size_idx][1];
 627              		.loc 1 135 49 is_stmt 0 view .LVU143
 628 001c 3C4B     		ldr	r3, .L33
 629 001e B200     		lsls	r2, r6, #2
 630 0020 D15A     		ldrh	r1, [r2, r3]
 135:Core/Src/main.c ****             current_height = test_sizes[size_idx][1];
 631              		.loc 1 135 27 view .LVU144
 632 0022 3C48     		ldr	r0, .L33+4
 633 0024 8346     		mov	fp, r0
 634 0026 0180     		strh	r1, [r0]
 136:Core/Src/main.c ****             
 635              		.loc 1 136 13 is_stmt 1 view .LVU145
 136:Core/Src/main.c ****             
 636              		.loc 1 136 50 is_stmt 0 view .LVU146
 637 0028 9B18     		adds	r3, r3, r2
 638 002a 5B88     		ldrh	r3, [r3, #2]
 136:Core/Src/main.c ****             
 639              		.loc 1 136 28 view .LVU147
ARM GAS  C:\Users\BANELE~1\AppData\Local\Temp\cclmOWEj.s 			page 21


 640 002c 3A4A     		ldr	r2, .L33+8
 641 002e 9246     		mov	r10, r2
 642 0030 1380     		strh	r3, [r2]
 139:Core/Src/main.c ****             uint64_t checksum = calculate_mandelbrot_fixed_point_arithmetic(
 643              		.loc 1 139 13 is_stmt 1 view .LVU148
 139:Core/Src/main.c ****             uint64_t checksum = calculate_mandelbrot_fixed_point_arithmetic(
 644              		.loc 1 139 26 is_stmt 0 view .LVU149
 645 0032 FFF7FEFF 		bl	HAL_GetTick
 646              	.LVL44:
 139:Core/Src/main.c ****             uint64_t checksum = calculate_mandelbrot_fixed_point_arithmetic(
 647              		.loc 1 139 24 discriminator 1 view .LVU150
 648 0036 394F     		ldr	r7, .L33+12
 649 0038 3860     		str	r0, [r7]
 140:Core/Src/main.c ****                 current_width, current_height, current_max_iter);
 650              		.loc 1 140 13 is_stmt 1 view .LVU151
 140:Core/Src/main.c ****                 current_width, current_height, current_max_iter);
 651              		.loc 1 140 33 is_stmt 0 view .LVU152
 652 003a 5B46     		mov	r3, fp
 653 003c 1888     		ldrh	r0, [r3]
 654 003e 80B2     		uxth	r0, r0
 655 0040 5346     		mov	r3, r10
 656 0042 1988     		ldrh	r1, [r3]
 657 0044 89B2     		uxth	r1, r1
 658 0046 364B     		ldr	r3, .L33+16
 659 0048 9846     		mov	r8, r3
 660 004a 1A88     		ldrh	r2, [r3]
 661 004c 92B2     		uxth	r2, r2
 662 004e FFF7FEFF 		bl	calculate_mandelbrot_fixed_point_arithmetic
 663              	.LVL45:
 664 0052 0400     		movs	r4, r0
 665 0054 0D00     		movs	r5, r1
 666              	.LVL46:
 142:Core/Src/main.c ****             
 667              		.loc 1 142 13 is_stmt 1 view .LVU153
 142:Core/Src/main.c ****             
 668              		.loc 1 142 24 is_stmt 0 view .LVU154
 669 0056 FFF7FEFF 		bl	HAL_GetTick
 670              	.LVL47:
 142:Core/Src/main.c ****             
 671              		.loc 1 142 22 discriminator 1 view .LVU155
 672 005a 3249     		ldr	r1, .L33+20
 673 005c 0860     		str	r0, [r1]
 144:Core/Src/main.c ****             task2_results[iter_idx][size_idx].height = current_height;
 674              		.loc 1 144 13 is_stmt 1 view .LVU156
 144:Core/Src/main.c ****             task2_results[iter_idx][size_idx].height = current_height;
 675              		.loc 1 144 53 is_stmt 0 view .LVU157
 676 005e 5B46     		mov	r3, fp
 677 0060 1B88     		ldrh	r3, [r3]
 678 0062 9BB2     		uxth	r3, r3
 679 0064 9C46     		mov	ip, r3
 680 0066 304B     		ldr	r3, .L33+24
 681 0068 0193     		str	r3, [sp, #4]
 682 006a 7000     		lsls	r0, r6, #1
 683 006c 8019     		adds	r0, r0, r6
 684 006e C000     		lsls	r0, r0, #3
 685 0070 4A46     		mov	r2, r9
 686 0072 1201     		lsls	r2, r2, #4
ARM GAS  C:\Users\BANELE~1\AppData\Local\Temp\cclmOWEj.s 			page 22


 687 0074 4B46     		mov	r3, r9
 688 0076 D21A     		subs	r2, r2, r3
 689 0078 D200     		lsls	r2, r2, #3
 690 007a 8218     		adds	r2, r0, r2
 691 007c 019B     		ldr	r3, [sp, #4]
 692 007e 6046     		mov	r0, ip
 693 0080 D052     		strh	r0, [r2, r3]
 145:Core/Src/main.c ****             task2_results[iter_idx][size_idx].max_iter = current_max_iter;
 694              		.loc 1 145 13 is_stmt 1 view .LVU158
 145:Core/Src/main.c ****             task2_results[iter_idx][size_idx].max_iter = current_max_iter;
 695              		.loc 1 145 54 is_stmt 0 view .LVU159
 696 0082 5046     		mov	r0, r10
 697 0084 0088     		ldrh	r0, [r0]
 698 0086 80B2     		uxth	r0, r0
 699 0088 9B18     		adds	r3, r3, r2
 700 008a 5880     		strh	r0, [r3, #2]
 146:Core/Src/main.c ****             task2_results[iter_idx][size_idx].exec_time_ms = end_time - start_time;
 701              		.loc 1 146 13 is_stmt 1 view .LVU160
 146:Core/Src/main.c ****             task2_results[iter_idx][size_idx].exec_time_ms = end_time - start_time;
 702              		.loc 1 146 56 is_stmt 0 view .LVU161
 703 008c 4246     		mov	r2, r8
 704 008e 1288     		ldrh	r2, [r2]
 705 0090 92B2     		uxth	r2, r2
 706 0092 1A81     		strh	r2, [r3, #8]
 147:Core/Src/main.c ****             task2_results[iter_idx][size_idx].checksum = checksum;
 707              		.loc 1 147 13 is_stmt 1 view .LVU162
 147:Core/Src/main.c ****             task2_results[iter_idx][size_idx].checksum = checksum;
 708              		.loc 1 147 71 is_stmt 0 view .LVU163
 709 0094 0A68     		ldr	r2, [r1]
 710 0096 3968     		ldr	r1, [r7]
 711 0098 521A     		subs	r2, r2, r1
 147:Core/Src/main.c ****             task2_results[iter_idx][size_idx].checksum = checksum;
 712              		.loc 1 147 60 view .LVU164
 713 009a 5A60     		str	r2, [r3, #4]
 148:Core/Src/main.c ****             
 714              		.loc 1 148 13 is_stmt 1 view .LVU165
 148:Core/Src/main.c ****             
 715              		.loc 1 148 56 is_stmt 0 view .LVU166
 716 009c 1C61     		str	r4, [r3, #16]
 717 009e 5D61     		str	r5, [r3, #20]
 150:Core/Src/main.c ****         }
 718              		.loc 1 150 13 is_stmt 1 view .LVU167
 150:Core/Src/main.c ****         }
 719              		.loc 1 150 21 is_stmt 0 view .LVU168
 720 00a0 224A     		ldr	r2, .L33+28
 721 00a2 1368     		ldr	r3, [r2]
 722 00a4 0133     		adds	r3, r3, #1
 723 00a6 1360     		str	r3, [r2]
 724              	.LBE19:
 134:Core/Src/main.c ****             current_width = test_sizes[size_idx][0];
 725              		.loc 1 134 54 is_stmt 1 discriminator 3 view .LVU169
 726 00a8 0136     		adds	r6, r6, #1
 727              	.LVL48:
 728              	.L28:
 134:Core/Src/main.c ****             current_width = test_sizes[size_idx][0];
 729              		.loc 1 134 41 discriminator 1 view .LVU170
 730 00aa 042E     		cmp	r6, #4
ARM GAS  C:\Users\BANELE~1\AppData\Local\Temp\cclmOWEj.s 			page 23


 731 00ac B6DD     		ble	.L29
 732              	.LBE18:
 131:Core/Src/main.c ****         current_max_iter = max_iter_values[iter_idx];
 733              		.loc 1 131 67 discriminator 2 view .LVU171
 734 00ae 0123     		movs	r3, #1
 735 00b0 9C46     		mov	ip, r3
 736 00b2 E144     		add	r9, r9, ip
 737              	.LVL49:
 738              	.L27:
 131:Core/Src/main.c ****         current_max_iter = max_iter_values[iter_idx];
 739              		.loc 1 131 37 discriminator 1 view .LVU172
 740 00b4 4B46     		mov	r3, r9
 741 00b6 042B     		cmp	r3, #4
 742 00b8 07DC     		bgt	.L32
 132:Core/Src/main.c ****         
 743              		.loc 1 132 9 view .LVU173
 132:Core/Src/main.c ****         
 744              		.loc 1 132 43 is_stmt 0 view .LVU174
 745 00ba 1D4B     		ldr	r3, .L33+32
 746 00bc 4A46     		mov	r2, r9
 747 00be 5200     		lsls	r2, r2, #1
 748 00c0 D25A     		ldrh	r2, [r2, r3]
 132:Core/Src/main.c ****         
 749              		.loc 1 132 26 view .LVU175
 750 00c2 174B     		ldr	r3, .L33+16
 751 00c4 1A80     		strh	r2, [r3]
 134:Core/Src/main.c ****             current_width = test_sizes[size_idx][0];
 752              		.loc 1 134 9 is_stmt 1 view .LVU176
 753              	.LBB20:
 134:Core/Src/main.c ****             current_width = test_sizes[size_idx][0];
 754              		.loc 1 134 14 view .LVU177
 755              	.LVL50:
 134:Core/Src/main.c ****             current_width = test_sizes[size_idx][0];
 756              		.loc 1 134 18 is_stmt 0 view .LVU178
 757 00c6 0026     		movs	r6, #0
 134:Core/Src/main.c ****             current_width = test_sizes[size_idx][0];
 758              		.loc 1 134 9 view .LVU179
 759 00c8 EFE7     		b	.L28
 760              	.LVL51:
 761              	.L32:
 134:Core/Src/main.c ****             current_width = test_sizes[size_idx][0];
 762              		.loc 1 134 9 view .LVU180
 763              	.LBE20:
 764              	.LBE17:
 153:Core/Src/main.c ****     HAL_Delay(2000);
 765              		.loc 1 153 5 is_stmt 1 view .LVU181
 766 00ca 1A4C     		ldr	r4, .L33+36
 767 00cc 0122     		movs	r2, #1
 768 00ce 0821     		movs	r1, #8
 769 00d0 2000     		movs	r0, r4
 770 00d2 FFF7FEFF 		bl	HAL_GPIO_WritePin
 771              	.LVL52:
 154:Core/Src/main.c ****     HAL_GPIO_WritePin(GPIOB, GPIO_PIN_2, GPIO_PIN_RESET);
 772              		.loc 1 154 5 view .LVU182
 773 00d6 FA20     		movs	r0, #250
 774 00d8 C000     		lsls	r0, r0, #3
 775 00da FFF7FEFF 		bl	HAL_Delay
ARM GAS  C:\Users\BANELE~1\AppData\Local\Temp\cclmOWEj.s 			page 24


 776              	.LVL53:
 155:Core/Src/main.c ****     HAL_GPIO_WritePin(GPIOB, GPIO_PIN_3, GPIO_PIN_RESET);
 777              		.loc 1 155 5 view .LVU183
 778 00de 0022     		movs	r2, #0
 779 00e0 0421     		movs	r1, #4
 780 00e2 2000     		movs	r0, r4
 781 00e4 FFF7FEFF 		bl	HAL_GPIO_WritePin
 782              	.LVL54:
 156:Core/Src/main.c ****     
 783              		.loc 1 156 5 view .LVU184
 784 00e8 0022     		movs	r2, #0
 785 00ea 0821     		movs	r1, #8
 786 00ec 2000     		movs	r0, r4
 787 00ee FFF7FEFF 		bl	HAL_GPIO_WritePin
 788              	.LVL55:
 158:Core/Src/main.c ****     }
 789              		.loc 1 158 5 view .LVU185
 158:Core/Src/main.c ****     }
 790              		.loc 1 158 16 is_stmt 0 view .LVU186
 791 00f2 114B     		ldr	r3, .L33+40
 792 00f4 0122     		movs	r2, #1
 793 00f6 1A70     		strb	r2, [r3]
 794              	.LVL56:
 795              	.L26:
 119:Core/Src/main.c ****   {
 796              		.loc 1 119 3 is_stmt 1 view .LVU187
 127:Core/Src/main.c ****       // Task 2: Test different MAX_ITER values
 797              		.loc 1 127 5 view .LVU188
 127:Core/Src/main.c ****       // Task 2: Test different MAX_ITER values
 798              		.loc 1 127 8 is_stmt 0 view .LVU189
 799 00f8 0F4B     		ldr	r3, .L33+40
 800 00fa 1B78     		ldrb	r3, [r3]
 127:Core/Src/main.c ****       // Task 2: Test different MAX_ITER values
 801              		.loc 1 127 7 view .LVU190
 802 00fc 002B     		cmp	r3, #0
 803 00fe FBD1     		bne	.L26
 129:Core/Src/main.c ****     
 804              		.loc 1 129 5 is_stmt 1 view .LVU191
 805 0100 0122     		movs	r2, #1
 806 0102 0421     		movs	r1, #4
 807 0104 0B48     		ldr	r0, .L33+36
 808 0106 FFF7FEFF 		bl	HAL_GPIO_WritePin
 809              	.LVL57:
 131:Core/Src/main.c ****         current_max_iter = max_iter_values[iter_idx];
 810              		.loc 1 131 5 view .LVU192
 811              	.LBB21:
 131:Core/Src/main.c ****         current_max_iter = max_iter_values[iter_idx];
 812              		.loc 1 131 10 view .LVU193
 131:Core/Src/main.c ****         current_max_iter = max_iter_values[iter_idx];
 813              		.loc 1 131 14 is_stmt 0 view .LVU194
 814 010a 0023     		movs	r3, #0
 815 010c 9946     		mov	r9, r3
 131:Core/Src/main.c ****         current_max_iter = max_iter_values[iter_idx];
 816              		.loc 1 131 5 view .LVU195
 817 010e D1E7     		b	.L27
 818              	.L34:
 819              		.align	2
ARM GAS  C:\Users\BANELE~1\AppData\Local\Temp\cclmOWEj.s 			page 25


 820              	.L33:
 821 0110 00000000 		.word	test_sizes
 822 0114 00000000 		.word	current_width
 823 0118 00000000 		.word	current_height
 824 011c 00000000 		.word	start_time
 825 0120 00000000 		.word	current_max_iter
 826 0124 00000000 		.word	end_time
 827 0128 00000000 		.word	task2_results
 828 012c 00000000 		.word	progress
 829 0130 00000000 		.word	max_iter_values
 830 0134 00040048 		.word	1207960576
 831 0138 00000000 		.word	task2_done
 832              	.LBE21:
 833              		.cfi_endproc
 834              	.LFE40:
 836              		.global	task2_done
 837              		.section	.bss.task2_done,"aw",%nobits
 840              	task2_done:
 841 0000 00       		.space	1
 842              		.global	progress
 843              		.section	.bss.progress,"aw",%nobits
 844              		.align	2
 847              	progress:
 848 0000 00000000 		.space	4
 849              		.global	current_max_iter
 850              		.section	.bss.current_max_iter,"aw",%nobits
 851              		.align	1
 854              	current_max_iter:
 855 0000 0000     		.space	2
 856              		.global	current_height
 857              		.section	.bss.current_height,"aw",%nobits
 858              		.align	1
 861              	current_height:
 862 0000 0000     		.space	2
 863              		.global	current_width
 864              		.section	.bss.current_width,"aw",%nobits
 865              		.align	1
 868              	current_width:
 869 0000 0000     		.space	2
 870              		.global	end_time
 871              		.section	.bss.end_time,"aw",%nobits
 872              		.align	2
 875              	end_time:
 876 0000 00000000 		.space	4
 877              		.global	start_time
 878              		.section	.bss.start_time,"aw",%nobits
 879              		.align	2
 882              	start_time:
 883 0000 00000000 		.space	4
 884              		.global	task2_results
 885              		.section	.bss.task2_results,"aw",%nobits
 886              		.align	3
 889              	task2_results:
 890 0000 00000000 		.space	600
 890      00000000 
 890      00000000 
 890      00000000 
ARM GAS  C:\Users\BANELE~1\AppData\Local\Temp\cclmOWEj.s 			page 26


 890      00000000 
 891              		.section	.rodata.test_sizes,"a"
 892              		.align	2
 895              	test_sizes:
 896 0000 8000     		.short	128
 897 0002 8000     		.short	128
 898 0004 A000     		.short	160
 899 0006 A000     		.short	160
 900 0008 C000     		.short	192
 901 000a C000     		.short	192
 902 000c E000     		.short	224
 903 000e E000     		.short	224
 904 0010 0001     		.short	256
 905 0012 0001     		.short	256
 906              		.section	.rodata.max_iter_values,"a"
 907              		.align	2
 910              	max_iter_values:
 911 0000 6400     		.short	100
 912 0002 FA00     		.short	250
 913 0004 F401     		.short	500
 914 0006 EE02     		.short	750
 915 0008 E803     		.short	1000
 916              		.text
 917              	.Letext0:
 918              		.file 3 "C:\\ST\\STM32CubeIDE_1.19.0\\STM32CubeIDE\\plugins\\com.st.stm32cube.ide.mcu.externaltool
 919              		.file 4 "C:\\ST\\STM32CubeIDE_1.19.0\\STM32CubeIDE\\plugins\\com.st.stm32cube.ide.mcu.externaltool
 920              		.file 5 "Drivers/CMSIS/Device/ST/STM32F0xx/Include/stm32f051x8.h"
 921              		.file 6 "Drivers/STM32F0xx_HAL_Driver/Inc/stm32f0xx_hal_def.h"
 922              		.file 7 "Drivers/STM32F0xx_HAL_Driver/Inc/stm32f0xx_hal_rcc.h"
 923              		.file 8 "Drivers/STM32F0xx_HAL_Driver/Inc/stm32f0xx_hal_gpio.h"
 924              		.file 9 "Drivers/STM32F0xx_HAL_Driver/Inc/stm32f0xx_hal.h"
 925              		.file 10 "<built-in>"
ARM GAS  C:\Users\BANELE~1\AppData\Local\Temp\cclmOWEj.s 			page 27


DEFINED SYMBOLS
                            *ABS*:00000000 main.c
C:\Users\BANELE~1\AppData\Local\Temp\cclmOWEj.s:19     .text.MX_GPIO_Init:00000000 $t
C:\Users\BANELE~1\AppData\Local\Temp\cclmOWEj.s:24     .text.MX_GPIO_Init:00000000 MX_GPIO_Init
C:\Users\BANELE~1\AppData\Local\Temp\cclmOWEj.s:131    .text.MX_GPIO_Init:0000006c $d
C:\Users\BANELE~1\AppData\Local\Temp\cclmOWEj.s:139    .text.calculate_mandelbrot_fixed_point_arithmetic:00000000 $t
C:\Users\BANELE~1\AppData\Local\Temp\cclmOWEj.s:145    .text.calculate_mandelbrot_fixed_point_arithmetic:00000000 calculate_mandelbrot_fixed_point_arithmetic
C:\Users\BANELE~1\AppData\Local\Temp\cclmOWEj.s:425    .text.calculate_mandelbrot_fixed_point_arithmetic:00000128 $d
C:\Users\BANELE~1\AppData\Local\Temp\cclmOWEj.s:436    .text.Error_Handler:00000000 $t
C:\Users\BANELE~1\AppData\Local\Temp\cclmOWEj.s:442    .text.Error_Handler:00000000 Error_Handler
C:\Users\BANELE~1\AppData\Local\Temp\cclmOWEj.s:474    .text.SystemClock_Config:00000000 $t
C:\Users\BANELE~1\AppData\Local\Temp\cclmOWEj.s:480    .text.SystemClock_Config:00000000 SystemClock_Config
C:\Users\BANELE~1\AppData\Local\Temp\cclmOWEj.s:577    .text.main:00000000 $t
C:\Users\BANELE~1\AppData\Local\Temp\cclmOWEj.s:583    .text.main:00000000 main
C:\Users\BANELE~1\AppData\Local\Temp\cclmOWEj.s:821    .text.main:00000110 $d
C:\Users\BANELE~1\AppData\Local\Temp\cclmOWEj.s:895    .rodata.test_sizes:00000000 test_sizes
C:\Users\BANELE~1\AppData\Local\Temp\cclmOWEj.s:868    .bss.current_width:00000000 current_width
C:\Users\BANELE~1\AppData\Local\Temp\cclmOWEj.s:861    .bss.current_height:00000000 current_height
C:\Users\BANELE~1\AppData\Local\Temp\cclmOWEj.s:882    .bss.start_time:00000000 start_time
C:\Users\BANELE~1\AppData\Local\Temp\cclmOWEj.s:854    .bss.current_max_iter:00000000 current_max_iter
C:\Users\BANELE~1\AppData\Local\Temp\cclmOWEj.s:875    .bss.end_time:00000000 end_time
C:\Users\BANELE~1\AppData\Local\Temp\cclmOWEj.s:889    .bss.task2_results:00000000 task2_results
C:\Users\BANELE~1\AppData\Local\Temp\cclmOWEj.s:847    .bss.progress:00000000 progress
C:\Users\BANELE~1\AppData\Local\Temp\cclmOWEj.s:910    .rodata.max_iter_values:00000000 max_iter_values
C:\Users\BANELE~1\AppData\Local\Temp\cclmOWEj.s:840    .bss.task2_done:00000000 task2_done
C:\Users\BANELE~1\AppData\Local\Temp\cclmOWEj.s:841    .bss.task2_done:00000000 $d
C:\Users\BANELE~1\AppData\Local\Temp\cclmOWEj.s:844    .bss.progress:00000000 $d
C:\Users\BANELE~1\AppData\Local\Temp\cclmOWEj.s:851    .bss.current_max_iter:00000000 $d
C:\Users\BANELE~1\AppData\Local\Temp\cclmOWEj.s:858    .bss.current_height:00000000 $d
C:\Users\BANELE~1\AppData\Local\Temp\cclmOWEj.s:865    .bss.current_width:00000000 $d
C:\Users\BANELE~1\AppData\Local\Temp\cclmOWEj.s:872    .bss.end_time:00000000 $d
C:\Users\BANELE~1\AppData\Local\Temp\cclmOWEj.s:879    .bss.start_time:00000000 $d
C:\Users\BANELE~1\AppData\Local\Temp\cclmOWEj.s:886    .bss.task2_results:00000000 $d
C:\Users\BANELE~1\AppData\Local\Temp\cclmOWEj.s:892    .rodata.test_sizes:00000000 $d
C:\Users\BANELE~1\AppData\Local\Temp\cclmOWEj.s:907    .rodata.max_iter_values:00000000 $d

UNDEFINED SYMBOLS
memset
HAL_GPIO_WritePin
HAL_GPIO_Init
__aeabi_lmul
__aeabi_ldivmod
HAL_RCC_OscConfig
HAL_RCC_ClockConfig
HAL_Init
HAL_GetTick
HAL_Delay
